/*C15*/SET SCHEMA PUBLIC
CREATE TABLE "mendixsystem$remote_primary_key" (\u000d\u000a\u0009"id" VARCHAR_IGNORECASE(36) NOT NULL,\u000d\u000a\u0009"entity_id" VARCHAR_IGNORECASE(255) NOT NULL,\u000d\u000a\u0009"attribute_name" VARCHAR_IGNORECASE(255) NOT NULL,\u000d\u000a\u0009"column_name" VARCHAR_IGNORECASE(255) NOT NULL,\u000d\u000a\u0009"type" INT NOT NULL,\u000d\u000a\u0009"length" INT NULL,\u000d\u000a\u0009PRIMARY KEY("id"))
ALTER TABLE "mendixsystem$entity" ADD "remote_primary_key" BOOLEAN NULL
DELETE FROM "mendixsystem$version" WHERE "versionnumber"='4.2'
INSERT INTO "mendixsystem$version" VALUES('4.2','2020-07-03 10:57:14.224000','4.0.0','unversioned','SoccerSquad Advanced 86')
COMMIT
ALTER TABLE "mendixsystem$version" ADD "mendixversion" VARCHAR_IGNORECASE(255) NULL
DELETE FROM "mendixsystem$version" WHERE "versionnumber"='4.2'
INSERT INTO "mendixsystem$version" VALUES('4.2','2020-07-03 10:57:14.224000','4.1.0','unversioned','SoccerSquad Advanced 86',NULL)
COMMIT
CREATE INDEX "idx_system$filedocument___uuid___asc" ON "system$filedocument" ("__uuid__" ASC,"id" ASC)
INSERT INTO "mendixsystem$index" VALUES('17f7461b-5b7c-494d-8fde-b531299c42b0','170ce49d-f29c-4fac-99a6-b55e8a3aeb39','idx_system$filedocument___uuid___asc')
INSERT INTO "mendixsystem$index_column" VALUES('17f7461b-5b7c-494d-8fde-b531299c42b0','96445370-6fed-11e4-9803-0800200c9a66',FALSE,0)
COMMIT
ALTER TABLE "system$session" ADD "lastactionexecution" TIMESTAMP NULL
INSERT INTO "mendixsystem$attribute" VALUES('8b42eee4-92e5-4472-9f12-3a4e73291f2b','37f9fd49-5318-4c63-9a51-f761779b202f','LastActionExecution','lastactionexecution',20,0,'',FALSE)
COMMIT
CREATE TABLE "system$unreferencedfile" (\u000d\u000a\u0009"id" BIGINT NOT NULL,\u000d\u000a\u0009"filekey" VARCHAR_IGNORECASE(36) NULL,\u000d\u000a\u0009"createddate" TIMESTAMP NULL,\u000d\u000a\u0009"state" VARCHAR_IGNORECASE(8) NULL,\u000d\u000a\u0009"transactionid" VARCHAR_IGNORECASE(36) NULL,\u000d\u000a\u0009PRIMARY KEY("id"))
INSERT INTO "mendixsystem$entity" VALUES('4e336d7d-71e8-41f4-9f07-8f0646543e81','System.UnreferencedFile','system$unreferencedfile',NULL,FALSE,FALSE)
INSERT INTO "mendixsystem$attribute" VALUES('a7934e8b-3623-45c7-abf4-e8a1d93770a2','4e336d7d-71e8-41f4-9f07-8f0646543e81','FileKey','filekey',30,36,'',FALSE)
INSERT INTO "mendixsystem$attribute" VALUES('cbd2b083-ad9a-3c24-8d5e-01e8c3994cad','4e336d7d-71e8-41f4-9f07-8f0646543e81','createdDate','createddate',20,0,'',FALSE)
INSERT INTO "mendixsystem$attribute" VALUES('a7bd62b4-180e-4f89-8767-4df1817e5419','4e336d7d-71e8-41f4-9f07-8f0646543e81','State','state',40,8,'New',FALSE)
INSERT INTO "mendixsystem$attribute" VALUES('752e783a-9db4-4825-a87c-7e143366bd85','4e336d7d-71e8-41f4-9f07-8f0646543e81','TransactionId','transactionid',30,36,'',FALSE)
COMMIT
CREATE TABLE "system$unreferencedfile_xasinstance" (\u000d\u000a\u0009"system$unreferencedfileid" BIGINT NOT NULL,\u000d\u000a\u0009"system$xasinstanceid" BIGINT NOT NULL,\u000d\u000a\u0009PRIMARY KEY("system$unreferencedfileid","system$xasinstanceid"),\u000d\u000a\u0009CONSTRAINT "uniq_system$unreferencedfile_xasinstance_system$unreferencedfileid" UNIQUE ("system$unreferencedfileid"))
CREATE INDEX "idx_system$unreferencedfile_xasinstance_system$xasinstance_system$unreferencedfile" ON "system$unreferencedfile_xasinstance" ("system$xasinstanceid" ASC,"system$unreferencedfileid" ASC)
INSERT INTO "mendixsystem$association" VALUES('1cbb5da6-dbb6-447a-8ea2-b193035320c7','System.UnreferencedFile_XASInstance','system$unreferencedfile_xasinstance','4e336d7d-71e8-41f4-9f07-8f0646543e81','d4154981-8dac-4150-aec5-efa3ef62a7a2','system$unreferencedfileid','system$xasinstanceid',NULL,'idx_system$unreferencedfile_xasinstance_system$xasinstance_system$unreferencedfile')
INSERT INTO "mendixsystem$unique_constraint" VALUES('uniq_system$unreferencedfile_xasinstance_system$unreferencedfileid','1cbb5da6-dbb6-447a-8ea2-b193035320c7','dd0763aa-e3a9-35bd-98ce-4d39d939ad40')
COMMIT
CREATE TABLE "system$synchronizationerror" (\u000d\u000a\u0009"id" BIGINT NOT NULL,\u000d\u000a\u0009"objecttype" VARCHAR_IGNORECASE(1000) NULL,\u000d\u000a\u0009"objectcontent" VARCHAR_IGNORECASE(2147483647) NULL,\u000d\u000a\u0009"createddate" TIMESTAMP NULL,\u000d\u000a\u0009"objectid" VARCHAR_IGNORECASE(200) NULL,\u000d\u000a\u0009"reason" VARCHAR_IGNORECASE(2147483647) NULL,\u000d\u000a\u0009"system$owner" BIGINT NULL,\u000d\u000a\u0009PRIMARY KEY("id"))
CREATE INDEX "idx_system$synchronizationerror_system$owner" ON "system$synchronizationerror" ("system$owner" ASC,"id" ASC)
INSERT INTO "mendixsystem$entity" VALUES('f9818ad8-3214-4b1d-b837-3181863f5ed5','System.SynchronizationError','system$synchronizationerror',NULL,FALSE,FALSE)
INSERT INTO "mendixsystem$attribute" VALUES('b1684d75-8427-4ed6-be7a-3f4d4e59d61e','f9818ad8-3214-4b1d-b837-3181863f5ed5','ObjectType','objecttype',30,1000,'',FALSE)
INSERT INTO "mendixsystem$attribute" VALUES('29d27bde-bc08-4f80-9d6c-9f47a3209452','f9818ad8-3214-4b1d-b837-3181863f5ed5','ObjectContent','objectcontent',30,0,'',FALSE)
INSERT INTO "mendixsystem$attribute" VALUES('a3e1c07d-2b2b-3e20-bbf0-de44e27d29f4','f9818ad8-3214-4b1d-b837-3181863f5ed5','createdDate','createddate',20,0,'',FALSE)
INSERT INTO "mendixsystem$attribute" VALUES('7e215c6c-0cfd-4533-8529-23e4f5359b7a','f9818ad8-3214-4b1d-b837-3181863f5ed5','ObjectId','objectid',30,200,'',FALSE)
INSERT INTO "mendixsystem$attribute" VALUES('2f76e5ca-ccbe-4137-856b-1999a51431f2','f9818ad8-3214-4b1d-b837-3181863f5ed5','Reason','reason',30,0,'',FALSE)
INSERT INTO "mendixsystem$index" VALUES('02390f36-727f-3e8e-8698-51de6cbd7dd0','f9818ad8-3214-4b1d-b837-3181863f5ed5','idx_system$synchronizationerror_system$owner')
INSERT INTO "mendixsystem$index_column" VALUES('02390f36-727f-3e8e-8698-51de6cbd7dd0','b822057e-d9ee-3cd6-8535-6bc9268cb842',FALSE,0)
INSERT INTO "mendixsystem$association" VALUES('b822057e-d9ee-3cd6-8535-6bc9268cb842','System.owner','system$owner','f9818ad8-3214-4b1d-b837-3181863f5ed5','282e2e60-88a5-469d-84a5-ba8d9151644f','id','system$owner',NULL,NULL)
COMMIT
CREATE TABLE "system$synchronizationerrorfile" (\u000d\u000a\u0009"id" BIGINT NOT NULL,\u000d\u000a\u0009PRIMARY KEY("id"))
INSERT INTO "mendixsystem$entity" VALUES('9b26443c-f4bb-4252-aa62-9eaffb71c4db','System.SynchronizationErrorFile','system$synchronizationerrorfile','170ce49d-f29c-4fac-99a6-b55e8a3aeb39',FALSE,FALSE)
COMMIT
CREATE TABLE "system$synchronizationerrorfile_synchronizationerror" (\u000d\u000a\u0009"system$synchronizationerrorfileid" BIGINT NOT NULL,\u000d\u000a\u0009"system$synchronizationerrorid" BIGINT NOT NULL,\u000d\u000a\u0009PRIMARY KEY("system$synchronizationerrorfileid","system$synchronizationerrorid"),\u000d\u000a\u0009CONSTRAINT "uniq_system$synchronizationerrorfile_synchronizationerror_system$synchronizationerrorfileid" UNIQUE ("system$synchronizationerrorfileid"))
CREATE INDEX "idx_system$synchronizationerrorfile_synchronizationerror_system$synchronizationerror_system$synchronizationerrorfile" ON "system$synchronizationerrorfile_synchronizationerror" ("system$synchronizationerrorid" ASC,"system$synchronizationerrorfileid" ASC)
INSERT INTO "mendixsystem$association" VALUES('6440aa38-83ff-4ba6-8c85-5ff785956b09','System.SynchronizationErrorFile_SynchronizationError','system$synchronizationerrorfile_synchronizationerror','9b26443c-f4bb-4252-aa62-9eaffb71c4db','f9818ad8-3214-4b1d-b837-3181863f5ed5','system$synchronizationerrorfileid','system$synchronizationerrorid',NULL,'idx_system$synchronizationerrorfile_synchronizationerror_system$synchronizationerror_system$synchronizationerrorfile')
INSERT INTO "mendixsystem$unique_constraint" VALUES('uniq_system$synchronizationerrorfile_synchronizationerror_system$synchronizationerrorfileid','6440aa38-83ff-4ba6-8c85-5ff785956b09','1e2455b8-3c89-380e-983f-14ead6e94b4c')
COMMIT
CREATE TABLE "system$task" (\u000d\u000a\u0009"id" BIGINT NOT NULL,\u000d\u000a\u0009"status" VARCHAR_IGNORECASE(12) NULL,\u000d\u000a\u0009"microflowname" VARCHAR_IGNORECASE(200) NULL,\u000d\u000a\u0009"started" TIMESTAMP NULL,\u000d\u000a\u0009"xasid" VARCHAR_IGNORECASE(200) NULL,\u000d\u000a\u0009"threadid" BIGINT NULL,\u000d\u000a\u0009"retried" BIGINT NULL,\u000d\u000a\u0009"arguments" VARCHAR_IGNORECASE(2147483647) NULL,\u000d\u000a\u0009"queueid" VARCHAR_IGNORECASE(36) NULL,\u000d\u000a\u0009"sequence" BIGINT NULL,\u000d\u000a\u0009"queuename" VARCHAR_IGNORECASE(200) NULL,\u000d\u000a\u0009"created" TIMESTAMP NULL,\u000d\u000a\u0009PRIMARY KEY("id"))
CREATE SEQUENCE "system$task_sequence_mxseq" AS BIGINT START WITH 1
INSERT INTO "mendixsystem$entity" VALUES('c6c131c8-8779-4213-9b26-a64e141f26a8','System.Task','system$task',NULL,FALSE,FALSE)
INSERT INTO "mendixsystem$attribute" VALUES('2223cc2b-6f68-4964-90c4-46ceed8c2f62','c6c131c8-8779-4213-9b26-a64e141f26a8','Status','status',40,12,'Idle',FALSE)
INSERT INTO "mendixsystem$attribute" VALUES('8b835017-7d42-401f-8271-02c232066d49','c6c131c8-8779-4213-9b26-a64e141f26a8','MicroflowName','microflowname',30,200,'',FALSE)
INSERT INTO "mendixsystem$attribute" VALUES('3aadbd20-595c-4fdf-84e1-2b65639f8d4b','c6c131c8-8779-4213-9b26-a64e141f26a8','Started','started',20,0,'',FALSE)
INSERT INTO "mendixsystem$attribute" VALUES('0918f273-80a5-42d6-ae35-a7a50ab61210','c6c131c8-8779-4213-9b26-a64e141f26a8','XASId','xasid',30,200,'',FALSE)
INSERT INTO "mendixsystem$attribute" VALUES('df70e053-7126-4c45-a76b-22c2814babf8','c6c131c8-8779-4213-9b26-a64e141f26a8','ThreadId','threadid',4,0,'',FALSE)
INSERT INTO "mendixsystem$attribute" VALUES('6bd4228f-341d-45b4-a411-765b024ccdfa','c6c131c8-8779-4213-9b26-a64e141f26a8','Retried','retried',4,0,'0',FALSE)
INSERT INTO "mendixsystem$attribute" VALUES('b47c6adc-1d13-4f3b-8172-0ace129df25f','c6c131c8-8779-4213-9b26-a64e141f26a8','Arguments','arguments',30,0,'',FALSE)
INSERT INTO "mendixsystem$attribute" VALUES('77f66f6e-3794-4338-8a7d-eb4538dcd6db','c6c131c8-8779-4213-9b26-a64e141f26a8','QueueId','queueid',30,36,'',FALSE)
INSERT INTO "mendixsystem$attribute" VALUES('d26c3f20-7dc5-4a65-bbf6-c84ec5b5fe9f','c6c131c8-8779-4213-9b26-a64e141f26a8','Sequence','sequence',0,0,'1',TRUE)
INSERT INTO "mendixsystem$sequence" VALUES('system$task_sequence_mxseq','d26c3f20-7dc5-4a65-bbf6-c84ec5b5fe9f',1,0)
INSERT INTO "mendixsystem$attribute" VALUES('3898cc5e-0a5c-402a-8f4b-ffa2271fe5b5','c6c131c8-8779-4213-9b26-a64e141f26a8','QueueName','queuename',30,200,'',FALSE)
INSERT INTO "mendixsystem$attribute" VALUES('94e618c6-5158-44c1-baf6-ef6af8a76b6d','c6c131c8-8779-4213-9b26-a64e141f26a8','Created','created',20,0,'',FALSE)
COMMIT
CREATE TABLE "system$offlinesynchronizationhistory" (\u000d\u000a\u0009"id" BIGINT NOT NULL,\u000d\u000a\u0009"createddate" TIMESTAMP NULL,\u000d\u000a\u0009"syncid" VARCHAR_IGNORECASE(200) NULL,\u000d\u000a\u0009PRIMARY KEY("id"),\u000d\u000a\u0009CONSTRAINT "uniq_system$offlinesynchronizationhistory_syncid" UNIQUE ("syncid"))
CREATE INDEX "idx_system$offlinesynchronizationhistory_syncid_asc" ON "system$offlinesynchronizationhistory" ("syncid" ASC,"id" ASC)
INSERT INTO "mendixsystem$entity" VALUES('137064d4-4cf1-4a0b-92a5-a11b66360ff9','System.OfflineSynchronizationHistory','system$offlinesynchronizationhistory',NULL,FALSE,FALSE)
INSERT INTO "mendixsystem$attribute" VALUES('fa5f48d5-d89f-3022-bdab-059cfc5b12ec','137064d4-4cf1-4a0b-92a5-a11b66360ff9','createdDate','createddate',20,0,'',FALSE)
INSERT INTO "mendixsystem$attribute" VALUES('a91934fd-65f2-404e-bff8-7b370c20d687','137064d4-4cf1-4a0b-92a5-a11b66360ff9','SyncId','syncid',30,200,'',FALSE)
INSERT INTO "mendixsystem$index" VALUES('7a35f5fa-69a5-42e6-842d-c5bf65735a0f','137064d4-4cf1-4a0b-92a5-a11b66360ff9','idx_system$offlinesynchronizationhistory_syncid_asc')
INSERT INTO "mendixsystem$index_column" VALUES('7a35f5fa-69a5-42e6-842d-c5bf65735a0f','a91934fd-65f2-404e-bff8-7b370c20d687',FALSE,0)
INSERT INTO "mendixsystem$unique_constraint" VALUES('uniq_system$offlinesynchronizationhistory_syncid','137064d4-4cf1-4a0b-92a5-a11b66360ff9','a91934fd-65f2-404e-bff8-7b370c20d687')
COMMIT
CREATE TABLE "system$offlinecreatedguids" (\u000d\u000a\u0009"id" BIGINT NOT NULL,\u000d\u000a\u0009"createddate" TIMESTAMP NULL,\u000d\u000a\u0009"guid" VARCHAR_IGNORECASE(200) NULL,\u000d\u000a\u0009PRIMARY KEY("id"),\u000d\u000a\u0009CONSTRAINT "uniq_system$offlinecreatedguids_guid" UNIQUE ("guid"))
INSERT INTO "mendixsystem$entity" VALUES('89cea6a8-a2df-4925-85e4-2b0c447e98c3','System.OfflineCreatedGuids','system$offlinecreatedguids',NULL,FALSE,FALSE)
INSERT INTO "mendixsystem$attribute" VALUES('22289399-6f82-3eda-bbdf-15ddacf9f408','89cea6a8-a2df-4925-85e4-2b0c447e98c3','createdDate','createddate',20,0,'',FALSE)
INSERT INTO "mendixsystem$attribute" VALUES('7919a281-0b72-4dc4-87e1-fffaced4c8d1','89cea6a8-a2df-4925-85e4-2b0c447e98c3','Guid','guid',30,200,'',FALSE)
INSERT INTO "mendixsystem$unique_constraint" VALUES('uniq_system$offlinecreatedguids_guid','89cea6a8-a2df-4925-85e4-2b0c447e98c3','7919a281-0b72-4dc4-87e1-fffaced4c8d1')
COMMIT
CREATE TABLE "system$processedtask" (\u000d\u000a\u0009"id" BIGINT NOT NULL,\u000d\u000a\u0009"status" VARCHAR_IGNORECASE(12) NULL,\u000d\u000a\u0009"microflowname" VARCHAR_IGNORECASE(200) NULL,\u000d\u000a\u0009"started" TIMESTAMP NULL,\u000d\u000a\u0009"xasid" VARCHAR_IGNORECASE(200) NULL,\u000d\u000a\u0009"threadid" BIGINT NULL,\u000d\u000a\u0009"retried" BIGINT NULL,\u000d\u000a\u0009"arguments" VARCHAR_IGNORECASE(2147483647) NULL,\u000d\u000a\u0009"queueid" VARCHAR_IGNORECASE(36) NULL,\u000d\u000a\u0009"sequence" BIGINT NULL,\u000d\u000a\u0009"errormessage" VARCHAR_IGNORECASE(2147483647) NULL,\u000d\u000a\u0009"queuename" VARCHAR_IGNORECASE(200) NULL,\u000d\u000a\u0009"created" TIMESTAMP NULL,\u000d\u000a\u0009PRIMARY KEY("id"))
INSERT INTO "mendixsystem$entity" VALUES('eb5c32a1-85ec-49d1-8bca-ecca779cd539','System.ProcessedTask','system$processedtask',NULL,FALSE,FALSE)
INSERT INTO "mendixsystem$attribute" VALUES('6609f51d-d19f-49df-92d8-582e78e55ba0','eb5c32a1-85ec-49d1-8bca-ecca779cd539','Status','status',40,12,'',FALSE)
INSERT INTO "mendixsystem$attribute" VALUES('2fc91d80-70d3-4868-9332-142b1f447888','eb5c32a1-85ec-49d1-8bca-ecca779cd539','MicroflowName','microflowname',30,200,'',FALSE)
INSERT INTO "mendixsystem$attribute" VALUES('3023edea-95d3-4a8b-84e3-32a749729400','eb5c32a1-85ec-49d1-8bca-ecca779cd539','Started','started',20,0,'',FALSE)
INSERT INTO "mendixsystem$attribute" VALUES('e7792091-da19-4946-a07d-b11f857c4d1d','eb5c32a1-85ec-49d1-8bca-ecca779cd539','XASId','xasid',30,200,'',FALSE)
INSERT INTO "mendixsystem$attribute" VALUES('09951e9a-b362-499d-bf7c-68300a314110','eb5c32a1-85ec-49d1-8bca-ecca779cd539','ThreadId','threadid',4,0,'',FALSE)
INSERT INTO "mendixsystem$attribute" VALUES('7627493b-b7d4-4afa-99e7-5957889ed081','eb5c32a1-85ec-49d1-8bca-ecca779cd539','Retried','retried',4,0,'',FALSE)
INSERT INTO "mendixsystem$attribute" VALUES('e6f7a526-84ed-4f4e-8d32-d49d79dd5174','eb5c32a1-85ec-49d1-8bca-ecca779cd539','Arguments','arguments',30,0,'',FALSE)
INSERT INTO "mendixsystem$attribute" VALUES('6c8ea01f-faf8-40dd-8b81-297fbe14cda4','eb5c32a1-85ec-49d1-8bca-ecca779cd539','QueueId','queueid',30,36,'',FALSE)
INSERT INTO "mendixsystem$attribute" VALUES('a1c19d5b-0798-452a-b8d9-4f60e684cc1b','eb5c32a1-85ec-49d1-8bca-ecca779cd539','Sequence','sequence',4,0,'',FALSE)
INSERT INTO "mendixsystem$attribute" VALUES('73d41075-6c63-4c64-92e3-ce264ddabe59','eb5c32a1-85ec-49d1-8bca-ecca779cd539','ErrorMessage','errormessage',30,0,'',FALSE)
INSERT INTO "mendixsystem$attribute" VALUES('354f1eb1-13a0-4bc4-8fdf-0faad10e2b81','eb5c32a1-85ec-49d1-8bca-ecca779cd539','QueueName','queuename',30,200,'',FALSE)
INSERT INTO "mendixsystem$attribute" VALUES('6c24f3a3-6473-4a2b-8a93-fca27764f394','eb5c32a1-85ec-49d1-8bca-ecca779cd539','Created','created',20,0,'',FALSE)
DELETE FROM "mendixsystem$version" WHERE "versionnumber"='4.2'
INSERT INTO "mendixsystem$version" VALUES('4.2','2022-11-17 16:00:44.147000','4.1.0','unversioned','SoccerSquad Advanced 86',NULL)
COMMIT
DELETE FROM "mendixsystem$version" WHERE "versionnumber"='4.2'
INSERT INTO "mendixsystem$version" VALUES('4.2','2022-11-17 16:00:44.147000','4.1.0','unversioned','SoccerSquad','8.18.15.34072')
COMMIT
INSERT INTO "mendixsystem$entityidentifier" VALUES('4e336d7d-71e8-41f4-9f07-8f0646543e81',65,1)
COMMIT
INSERT INTO "mendixsystem$entityidentifier" VALUES('c6c131c8-8779-4213-9b26-a64e141f26a8',68,1)
COMMIT
INSERT INTO "mendixsystem$entityidentifier" VALUES('89cea6a8-a2df-4925-85e4-2b0c447e98c3',70,1)
COMMIT
INSERT INTO "mendixsystem$entityidentifier" VALUES('137064d4-4cf1-4a0b-92a5-a11b66360ff9',69,1)
COMMIT
INSERT INTO "mendixsystem$entityidentifier" VALUES('9b26443c-f4bb-4252-aa62-9eaffb71c4db',67,1)
COMMIT
INSERT INTO "mendixsystem$entityidentifier" VALUES('eb5c32a1-85ec-49d1-8bca-ecca779cd539',71,1)
COMMIT
INSERT INTO "mendixsystem$entityidentifier" VALUES('f9818ad8-3214-4b1d-b837-3181863f5ed5',66,1)
COMMIT
DELETE FROM "mendixsystem$entityidentifier" WHERE "id"='d4154981-8dac-4150-aec5-efa3ef62a7a2'
INSERT INTO "mendixsystem$entityidentifier" VALUES('d4154981-8dac-4150-aec5-efa3ef62a7a2',4,3201)
COMMIT
INSERT INTO "system$xasinstance" VALUES(1125899906845725,'c7c601fc-031d-4d51-9af5-724b4e764434','2022-11-17 21:00:44.589000','2022-11-17 21:00:44.594000',NULL,NULL,NULL)
COMMIT
DELETE FROM "system$userrole" WHERE "id"=12103423998558209
INSERT INTO "system$userrole" VALUES(12103423998558209,'8dd52bfa-6d7e-453b-b506-303c0a3d9567','','Administrator')
DELETE FROM "system$userrole" WHERE "id"=12103423998558210
INSERT INTO "system$userrole" VALUES(12103423998558210,'3719a6ed-a33d-4051-b790-922ad4f31839','','PerformanceTester')
DELETE FROM "system$userrole" WHERE "id"=12103423998558211
INSERT INTO "system$userrole" VALUES(12103423998558211,'53f5d6fa-6da9-4a71-b011-454ec052cce8','','TeamMember')
COMMIT
/*C16*/SET SCHEMA PUBLIC
DELETE FROM "system$user" WHERE "id"=12666373951979821
INSERT INTO "system$user" VALUES(12666373951979821,'2020-07-03 09:34:01.365000',TRUE,'2020-07-03 09:33:25.012000','2020-07-03 09:37:39.049000',FALSE,FALSE,0,FALSE,'Administrator - Amsterdam','{BCrypt}$2a$10$izvXKMIkCTcZ0EhOb6l2wul6n0HlTKr0W95fGUORrTbHMyy4Po4wm','Administration.Account',12666373951979621,12666373951979821)
COMMIT
/*C17*/SET SCHEMA PUBLIC
DELETE FROM "system$user" WHERE "id"=12666373951979822
INSERT INTO "system$user" VALUES(12666373951979822,'2020-07-03 09:34:28.914000',TRUE,'2020-07-03 09:33:25.400000','2020-07-05 05:21:25.087000',FALSE,FALSE,0,FALSE,'TeamMember','{BCrypt}$2a$10$N/QcNut9Srg0YyZhrhzUhey1bEkIp.h6.QgsPlmW9Xs/dZJQ1B8Sm','Administration.Account',12666373951979621,12666373951979822)
COMMIT
/*C16*/DELETE FROM "system$user" WHERE "id"=12666373951979823
INSERT INTO "system$user" VALUES(12666373951979823,'2020-07-03 09:34:42.513000',TRUE,'2020-07-03 09:33:25.640000','2020-07-05 05:21:21.484000',FALSE,FALSE,0,FALSE,'PerformanceTester','{BCrypt}$2a$10$4i1swUpbrx1MFNxYch5LrOmPrAnNGNBR7ypNi.zHM/anouMxxCEFW','Administration.Account',12666373951979621,12666373951979823)
COMMIT
/*C17*/DELETE FROM "system$user" WHERE "id"=12666373951979824
INSERT INTO "system$user" VALUES(12666373951979824,'2020-07-03 09:35:14.474000',TRUE,'2020-07-03 09:33:25.832000','2020-07-03 09:59:14.446000',FALSE,FALSE,0,FALSE,'Administrator - Boston','{BCrypt}$2a$10$Yx4nc9vbMSNRBPLxqP1zI.9EJsOphTxUlOJNoBmwgcqtvjNR0x6tS','Administration.Account',12666373951979621,12666373951979824)
COMMIT
DELETE FROM "mendixsystem$properties" WHERE "key"='Mendix.Runtime.DeploymentID'
INSERT INTO "mendixsystem$properties" VALUES('Mendix.Runtime.DeploymentID','638042976282653165')
COMMIT
DELETE FROM "system$session" WHERE "id"=8162774324611527
DELETE FROM "system$session_user" WHERE "system$sessionid"=8162774324611527 AND "system$userid"=12666373951979822
COMMIT
/*C15*/DELETE FROM "system$user" WHERE "id"=562949953421313
INSERT INTO "system$user" VALUES(562949953421313,'2020-06-23 07:26:37.322000',TRUE,'2020-06-23 07:26:37.322000','2020-07-01 09:49:24.588000',FALSE,FALSE,0,FALSE,'MxAdmin','{BCrypt}$2a$10$Hyu/1d5bd5YTMi.6WO.1W.S7lZ/BcjWeALXY6Cuwhjii/ceQU23gC','System.User',NULL,562949953421313)
COMMIT
/*C16*/DELETE FROM "system$xasinstance" WHERE "id"=1125899906845725
INSERT INTO "system$xasinstance" VALUES(1125899906845725,'c7c601fc-031d-4d51-9af5-724b4e764434','2022-11-17 21:00:44.589000','2022-11-17 21:00:46.499000',NULL,NULL,NULL)
COMMIT
/*C15*/DELETE FROM "system$xasinstance" WHERE "id"=1125899906845625
COMMIT
/*C17*/DELETE FROM "system$user" WHERE "id"=562949953421313
INSERT INTO "system$user" VALUES(562949953421313,'2020-06-23 07:26:37.322000',TRUE,'2020-06-23 07:26:37.322000','2022-11-17 21:00:52.177000',FALSE,FALSE,0,FALSE,'MxAdmin','{BCrypt}$2a$10$Hyu/1d5bd5YTMi.6WO.1W.S7lZ/BcjWeALXY6Cuwhjii/ceQU23gC','System.User',NULL,562949953421313)
COMMIT
/*C15*/DELETE FROM "mendixsystem$entityidentifier" WHERE "id"='37f9fd49-5318-4c63-9a51-f761779b202f'
INSERT INTO "mendixsystem$entityidentifier" VALUES('37f9fd49-5318-4c63-9a51-f761779b202f',29,2701)
COMMIT
INSERT INTO "system$session" VALUES(8162774324611625,'b10ddc22-dcc5-426a-a1c8-7f0ba3d9256c','2022-11-17 21:00:52.203000','b4bfca9e-dea0-4bc9-89de-a3aca52d455c','2022-11-17 21:00:52.205000','fa82afbc-9f46-4e2d-8243-f25a8dd04c6a',NULL)
INSERT INTO "system$session_user" VALUES(8162774324611625,562949953421313)
COMMIT
